<?xml version="1.0" encoding="UTF-8"?>
<testsuite xmlns:xsi="http://www.w3.org/2001/XMLSchema-instance" xsi:noNamespaceSchemaLocation="https://maven.apache.org/surefire/maven-surefire-plugin/xsd/surefire-test-report.xsd" name="com.cakecrypto.batch.BatchApplicationTests" time="0.003" tests="1" errors="0" skipped="1" failures="0">
  <properties>
    <property name="gopherProxySet" value="false"/>
    <property name="awt.toolkit" value="sun.lwawt.macosx.LWCToolkit"/>
    <property name="java.specification.version" value="11"/>
    <property name="sun.cpu.isalist" value=""/>
    <property name="sun.jnu.encoding" value="UTF-8"/>
    <property name="java.class.path" value="/Users/jpablo/Documents/cake-crypto/cake-crypto-batch/batch/target/test-classes:/Users/jpablo/Documents/cake-crypto/cake-crypto-batch/batch/target/classes:/Users/jpablo/.m2/repository/org/springframework/boot/spring-boot-starter-batch/2.6.6/spring-boot-starter-batch-2.6.6.jar:/Users/jpablo/.m2/repository/org/springframework/boot/spring-boot-starter/2.6.6/spring-boot-starter-2.6.6.jar:/Users/jpablo/.m2/repository/org/springframework/boot/spring-boot/2.6.6/spring-boot-2.6.6.jar:/Users/jpablo/.m2/repository/org/springframework/boot/spring-boot-autoconfigure/2.6.6/spring-boot-autoconfigure-2.6.6.jar:/Users/jpablo/.m2/repository/org/springframework/boot/spring-boot-starter-logging/2.6.6/spring-boot-starter-logging-2.6.6.jar:/Users/jpablo/.m2/repository/ch/qos/logback/logback-classic/1.2.11/logback-classic-1.2.11.jar:/Users/jpablo/.m2/repository/ch/qos/logback/logback-core/1.2.11/logback-core-1.2.11.jar:/Users/jpablo/.m2/repository/org/apache/logging/log4j/log4j-to-slf4j/2.17.2/log4j-to-slf4j-2.17.2.jar:/Users/jpablo/.m2/repository/org/apache/logging/log4j/log4j-api/2.17.2/log4j-api-2.17.2.jar:/Users/jpablo/.m2/repository/org/slf4j/jul-to-slf4j/1.7.36/jul-to-slf4j-1.7.36.jar:/Users/jpablo/.m2/repository/jakarta/annotation/jakarta.annotation-api/1.3.5/jakarta.annotation-api-1.3.5.jar:/Users/jpablo/.m2/repository/org/yaml/snakeyaml/1.29/snakeyaml-1.29.jar:/Users/jpablo/.m2/repository/org/springframework/boot/spring-boot-starter-jdbc/2.6.6/spring-boot-starter-jdbc-2.6.6.jar:/Users/jpablo/.m2/repository/com/zaxxer/HikariCP/4.0.3/HikariCP-4.0.3.jar:/Users/jpablo/.m2/repository/org/springframework/spring-jdbc/5.3.18/spring-jdbc-5.3.18.jar:/Users/jpablo/.m2/repository/org/springframework/batch/spring-batch-core/4.3.5/spring-batch-core-4.3.5.jar:/Users/jpablo/.m2/repository/com/fasterxml/jackson/core/jackson-databind/2.13.2.2/jackson-databind-2.13.2.2.jar:/Users/jpablo/.m2/repository/com/fasterxml/jackson/core/jackson-annotations/2.13.2/jackson-annotations-2.13.2.jar:/Users/jpablo/.m2/repository/io/micrometer/micrometer-core/1.8.4/micrometer-core-1.8.4.jar:/Users/jpablo/.m2/repository/org/hdrhistogram/HdrHistogram/2.1.12/HdrHistogram-2.1.12.jar:/Users/jpablo/.m2/repository/org/latencyutils/LatencyUtils/2.0.3/LatencyUtils-2.0.3.jar:/Users/jpablo/.m2/repository/javax/batch/javax.batch-api/1.0/javax.batch-api-1.0.jar:/Users/jpablo/.m2/repository/org/codehaus/jettison/jettison/1.2/jettison-1.2.jar:/Users/jpablo/.m2/repository/org/springframework/batch/spring-batch-infrastructure/4.3.5/spring-batch-infrastructure-4.3.5.jar:/Users/jpablo/.m2/repository/org/springframework/retry/spring-retry/1.3.2/spring-retry-1.3.2.jar:/Users/jpablo/.m2/repository/org/springframework/spring-aop/5.3.18/spring-aop-5.3.18.jar:/Users/jpablo/.m2/repository/org/springframework/spring-beans/5.3.18/spring-beans-5.3.18.jar:/Users/jpablo/.m2/repository/org/springframework/spring-context/5.3.18/spring-context-5.3.18.jar:/Users/jpablo/.m2/repository/org/springframework/spring-expression/5.3.18/spring-expression-5.3.18.jar:/Users/jpablo/.m2/repository/org/springframework/boot/spring-boot-starter-quartz/2.6.6/spring-boot-starter-quartz-2.6.6.jar:/Users/jpablo/.m2/repository/org/springframework/spring-context-support/5.3.18/spring-context-support-5.3.18.jar:/Users/jpablo/.m2/repository/org/springframework/spring-tx/5.3.18/spring-tx-5.3.18.jar:/Users/jpablo/.m2/repository/org/quartz-scheduler/quartz/2.3.2/quartz-2.3.2.jar:/Users/jpablo/.m2/repository/com/mchange/mchange-commons-java/0.2.15/mchange-commons-java-0.2.15.jar:/Users/jpablo/.m2/repository/org/apache/httpcomponents/httpclient/4.5.13/httpclient-4.5.13.jar:/Users/jpablo/.m2/repository/org/apache/httpcomponents/httpcore/4.4.15/httpcore-4.4.15.jar:/Users/jpablo/.m2/repository/commons-codec/commons-codec/1.15/commons-codec-1.15.jar:/Users/jpablo/.m2/repository/com/google/firebase/firebase-admin/8.1.0/firebase-admin-8.1.0.jar:/Users/jpablo/.m2/repository/com/google/api-client/google-api-client/1.32.1/google-api-client-1.32.1.jar:/Users/jpablo/.m2/repository/com/google/oauth-client/google-oauth-client/1.31.5/google-oauth-client-1.31.5.jar:/Users/jpablo/.m2/repository/com/google/http-client/google-http-client-gson/1.39.2/google-http-client-gson-1.39.2.jar:/Users/jpablo/.m2/repository/com/google/http-client/google-http-client-apache-v2/1.39.2/google-http-client-apache-v2-1.39.2.jar:/Users/jpablo/.m2/repository/com/google/api-client/google-api-client-gson/1.32.1/google-api-client-gson-1.32.1.jar:/Users/jpablo/.m2/repository/com/google/http-client/google-http-client/1.39.2/google-http-client-1.39.2.jar:/Users/jpablo/.m2/repository/com/google/code/findbugs/jsr305/3.0.2/jsr305-3.0.2.jar:/Users/jpablo/.m2/repository/com/google/j2objc/j2objc-annotations/1.3/j2objc-annotations-1.3.jar:/Users/jpablo/.m2/repository/io/opencensus/opencensus-api/0.28.0/opencensus-api-0.28.0.jar:/Users/jpablo/.m2/repository/io/opencensus/opencensus-contrib-http-util/0.28.0/opencensus-contrib-http-util-0.28.0.jar:/Users/jpablo/.m2/repository/com/google/api/api-common/1.10.4/api-common-1.10.4.jar:/Users/jpablo/.m2/repository/javax/annotation/javax.annotation-api/1.3.2/javax.annotation-api-1.3.2.jar:/Users/jpablo/.m2/repository/com/google/auto/value/auto-value-annotations/1.8.1/auto-value-annotations-1.8.1.jar:/Users/jpablo/.m2/repository/com/google/auth/google-auth-library-oauth2-http/0.26.0/google-auth-library-oauth2-http-0.26.0.jar:/Users/jpablo/.m2/repository/com/google/auth/google-auth-library-credentials/0.26.0/google-auth-library-credentials-0.26.0.jar:/Users/jpablo/.m2/repository/com/google/cloud/google-cloud-storage/1.118.0/google-cloud-storage-1.118.0.jar:/Users/jpablo/.m2/repository/com/google/guava/failureaccess/1.0.1/failureaccess-1.0.1.jar:/Users/jpablo/.m2/repository/com/google/guava/listenablefuture/9999.0-empty-to-avoid-conflict-with-guava/listenablefuture-9999.0-empty-to-avoid-conflict-with-guava.jar:/Users/jpablo/.m2/repository/org/checkerframework/checker-compat-qual/2.5.5/checker-compat-qual-2.5.5.jar:/Users/jpablo/.m2/repository/com/google/errorprone/error_prone_annotations/2.7.1/error_prone_annotations-2.7.1.jar:/Users/jpablo/.m2/repository/com/google/http-client/google-http-client-jackson2/1.39.2/google-http-client-jackson2-1.39.2.jar:/Users/jpablo/.m2/repository/com/fasterxml/jackson/core/jackson-core/2.13.2/jackson-core-2.13.2.jar:/Users/jpablo/.m2/repository/com/google/apis/google-api-services-storage/v1-rev20210127-1.32.1/google-api-services-storage-v1-rev20210127-1.32.1.jar:/Users/jpablo/.m2/repository/com/google/code/gson/gson/2.8.9/gson-2.8.9.jar:/Users/jpablo/.m2/repository/com/google/cloud/google-cloud-core/1.95.4/google-cloud-core-1.95.4.jar:/Users/jpablo/.m2/repository/com/google/api/grpc/proto-google-common-protos/2.3.2/proto-google-common-protos-2.3.2.jar:/Users/jpablo/.m2/repository/com/google/cloud/google-cloud-core-http/1.95.4/google-cloud-core-http-1.95.4.jar:/Users/jpablo/.m2/repository/com/google/http-client/google-http-client-appengine/1.39.2/google-http-client-appengine-1.39.2.jar:/Users/jpablo/.m2/repository/com/google/api/gax-httpjson/0.83.0/gax-httpjson-0.83.0.jar:/Users/jpablo/.m2/repository/com/google/api/gax/1.66.0/gax-1.66.0.jar:/Users/jpablo/.m2/repository/io/grpc/grpc-context/1.39.0/grpc-context-1.39.0.jar:/Users/jpablo/.m2/repository/com/google/api/grpc/proto-google-iam-v1/1.0.14/proto-google-iam-v1-1.0.14.jar:/Users/jpablo/.m2/repository/com/google/protobuf/protobuf-java/3.17.3/protobuf-java-3.17.3.jar:/Users/jpablo/.m2/repository/com/google/protobuf/protobuf-java-util/3.17.3/protobuf-java-util-3.17.3.jar:/Users/jpablo/.m2/repository/org/threeten/threetenbp/1.5.1/threetenbp-1.5.1.jar:/Users/jpablo/.m2/repository/com/google/cloud/google-cloud-firestore/2.6.1/google-cloud-firestore-2.6.1.jar:/Users/jpablo/.m2/repository/com/google/cloud/google-cloud-core-grpc/1.95.4/google-cloud-core-grpc-1.95.4.jar:/Users/jpablo/.m2/repository/io/grpc/grpc-core/1.39.0/grpc-core-1.39.0.jar:/Users/jpablo/.m2/repository/com/google/android/annotations/4.1.1.4/annotations-4.1.1.4.jar:/Users/jpablo/.m2/repository/org/codehaus/mojo/animal-sniffer-annotations/1.20/animal-sniffer-annotations-1.20.jar:/Users/jpablo/.m2/repository/io/perfmark/perfmark-api/0.23.0/perfmark-api-0.23.0.jar:/Users/jpablo/.m2/repository/commons-logging/commons-logging/1.2/commons-logging-1.2.jar:/Users/jpablo/.m2/repository/com/google/api/grpc/proto-google-cloud-firestore-v1/2.6.1/proto-google-cloud-firestore-v1-2.6.1.jar:/Users/jpablo/.m2/repository/com/google/cloud/proto-google-cloud-firestore-bundle-v1/2.6.1/proto-google-cloud-firestore-bundle-v1-2.6.1.jar:/Users/jpablo/.m2/repository/io/opencensus/opencensus-contrib-grpc-util/0.28.0/opencensus-contrib-grpc-util-0.28.0.jar:/Users/jpablo/.m2/repository/io/grpc/grpc-protobuf/1.39.0/grpc-protobuf-1.39.0.jar:/Users/jpablo/.m2/repository/io/grpc/grpc-protobuf-lite/1.39.0/grpc-protobuf-lite-1.39.0.jar:/Users/jpablo/.m2/repository/io/grpc/grpc-api/1.39.0/grpc-api-1.39.0.jar:/Users/jpablo/.m2/repository/com/google/api/gax-grpc/1.66.0/gax-grpc-1.66.0.jar:/Users/jpablo/.m2/repository/io/grpc/grpc-auth/1.39.0/grpc-auth-1.39.0.jar:/Users/jpablo/.m2/repository/io/grpc/grpc-netty-shaded/1.39.0/grpc-netty-shaded-1.39.0.jar:/Users/jpablo/.m2/repository/io/grpc/grpc-alts/1.39.0/grpc-alts-1.39.0.jar:/Users/jpablo/.m2/repository/io/grpc/grpc-grpclb/1.39.0/grpc-grpclb-1.39.0.jar:/Users/jpablo/.m2/repository/org/conscrypt/conscrypt-openjdk-uber/2.5.1/conscrypt-openjdk-uber-2.5.1.jar:/Users/jpablo/.m2/repository/io/grpc/grpc-stub/1.39.0/grpc-stub-1.39.0.jar:/Users/jpablo/.m2/repository/com/google/guava/guava/30.1.1-android/guava-30.1.1-android.jar:/Users/jpablo/.m2/repository/org/slf4j/slf4j-api/1.7.36/slf4j-api-1.7.36.jar:/Users/jpablo/.m2/repository/io/netty/netty-codec-http/4.1.75.Final/netty-codec-http-4.1.75.Final.jar:/Users/jpablo/.m2/repository/io/netty/netty-common/4.1.75.Final/netty-common-4.1.75.Final.jar:/Users/jpablo/.m2/repository/io/netty/netty-buffer/4.1.75.Final/netty-buffer-4.1.75.Final.jar:/Users/jpablo/.m2/repository/io/netty/netty-codec/4.1.75.Final/netty-codec-4.1.75.Final.jar:/Users/jpablo/.m2/repository/io/netty/netty-handler/4.1.75.Final/netty-handler-4.1.75.Final.jar:/Users/jpablo/.m2/repository/io/netty/netty-resolver/4.1.75.Final/netty-resolver-4.1.75.Final.jar:/Users/jpablo/.m2/repository/io/netty/netty-transport/4.1.75.Final/netty-transport-4.1.75.Final.jar:/Users/jpablo/.m2/repository/org/springframework/boot/spring-boot-starter-test/2.6.6/spring-boot-starter-test-2.6.6.jar:/Users/jpablo/.m2/repository/org/springframework/boot/spring-boot-test/2.6.6/spring-boot-test-2.6.6.jar:/Users/jpablo/.m2/repository/org/springframework/boot/spring-boot-test-autoconfigure/2.6.6/spring-boot-test-autoconfigure-2.6.6.jar:/Users/jpablo/.m2/repository/com/jayway/jsonpath/json-path/2.6.0/json-path-2.6.0.jar:/Users/jpablo/.m2/repository/net/minidev/json-smart/2.4.8/json-smart-2.4.8.jar:/Users/jpablo/.m2/repository/net/minidev/accessors-smart/2.4.8/accessors-smart-2.4.8.jar:/Users/jpablo/.m2/repository/org/ow2/asm/asm/9.1/asm-9.1.jar:/Users/jpablo/.m2/repository/jakarta/xml/bind/jakarta.xml.bind-api/2.3.3/jakarta.xml.bind-api-2.3.3.jar:/Users/jpablo/.m2/repository/jakarta/activation/jakarta.activation-api/1.2.2/jakarta.activation-api-1.2.2.jar:/Users/jpablo/.m2/repository/org/assertj/assertj-core/3.21.0/assertj-core-3.21.0.jar:/Users/jpablo/.m2/repository/org/hamcrest/hamcrest/2.2/hamcrest-2.2.jar:/Users/jpablo/.m2/repository/org/junit/jupiter/junit-jupiter/5.8.2/junit-jupiter-5.8.2.jar:/Users/jpablo/.m2/repository/org/junit/jupiter/junit-jupiter-api/5.8.2/junit-jupiter-api-5.8.2.jar:/Users/jpablo/.m2/repository/org/opentest4j/opentest4j/1.2.0/opentest4j-1.2.0.jar:/Users/jpablo/.m2/repository/org/junit/platform/junit-platform-commons/1.8.2/junit-platform-commons-1.8.2.jar:/Users/jpablo/.m2/repository/org/apiguardian/apiguardian-api/1.1.2/apiguardian-api-1.1.2.jar:/Users/jpablo/.m2/repository/org/junit/jupiter/junit-jupiter-params/5.8.2/junit-jupiter-params-5.8.2.jar:/Users/jpablo/.m2/repository/org/junit/jupiter/junit-jupiter-engine/5.8.2/junit-jupiter-engine-5.8.2.jar:/Users/jpablo/.m2/repository/org/junit/platform/junit-platform-engine/1.8.2/junit-platform-engine-1.8.2.jar:/Users/jpablo/.m2/repository/org/mockito/mockito-core/4.0.0/mockito-core-4.0.0.jar:/Users/jpablo/.m2/repository/net/bytebuddy/byte-buddy/1.11.22/byte-buddy-1.11.22.jar:/Users/jpablo/.m2/repository/net/bytebuddy/byte-buddy-agent/1.11.22/byte-buddy-agent-1.11.22.jar:/Users/jpablo/.m2/repository/org/objenesis/objenesis/3.2/objenesis-3.2.jar:/Users/jpablo/.m2/repository/org/mockito/mockito-junit-jupiter/4.0.0/mockito-junit-jupiter-4.0.0.jar:/Users/jpablo/.m2/repository/org/skyscreamer/jsonassert/1.5.0/jsonassert-1.5.0.jar:/Users/jpablo/.m2/repository/com/vaadin/external/google/android-json/0.0.20131108.vaadin1/android-json-0.0.20131108.vaadin1.jar:/Users/jpablo/.m2/repository/org/springframework/spring-core/5.3.18/spring-core-5.3.18.jar:/Users/jpablo/.m2/repository/org/springframework/spring-jcl/5.3.18/spring-jcl-5.3.18.jar:/Users/jpablo/.m2/repository/org/springframework/spring-test/5.3.18/spring-test-5.3.18.jar:/Users/jpablo/.m2/repository/org/xmlunit/xmlunit-core/2.8.4/xmlunit-core-2.8.4.jar:/Users/jpablo/.m2/repository/org/projectlombok/lombok/1.18.22/lombok-1.18.22.jar:"/>
    <property name="java.vm.vendor" value="JetBrains s.r.o."/>
    <property name="sun.arch.data.model" value="64"/>
    <property name="java.vendor.url" value="https://openjdk.java.net/"/>
    <property name="user.timezone" value=""/>
    <property name="java.vm.specification.version" value="11"/>
    <property name="os.name" value="Mac OS X"/>
    <property name="sun.java.launcher" value="SUN_STANDARD"/>
    <property name="user.country" value="CL"/>
    <property name="sun.boot.library.path" value="/Applications/IntelliJ IDEA CE.app/Contents/jbr/Contents/Home/lib"/>
    <property name="sun.java.command" value="/Users/jpablo/Documents/cake-crypto/cake-crypto-batch/batch/target/surefire/surefirebooter15036768882341582853.jar /Users/jpablo/Documents/cake-crypto/cake-crypto-batch/batch/target/surefire 2022-04-07T00-35-37_696-jvmRun1 surefire8067510277204959958tmp surefire_05699231564620491979tmp"/>
    <property name="http.nonProxyHosts" value="local|*.local|169.254/16|*.169.254/16"/>
    <property name="jdk.debug" value="release"/>
    <property name="surefire.test.class.path" value="/Users/jpablo/Documents/cake-crypto/cake-crypto-batch/batch/target/test-classes:/Users/jpablo/Documents/cake-crypto/cake-crypto-batch/batch/target/classes:/Users/jpablo/.m2/repository/org/springframework/boot/spring-boot-starter-batch/2.6.6/spring-boot-starter-batch-2.6.6.jar:/Users/jpablo/.m2/repository/org/springframework/boot/spring-boot-starter/2.6.6/spring-boot-starter-2.6.6.jar:/Users/jpablo/.m2/repository/org/springframework/boot/spring-boot/2.6.6/spring-boot-2.6.6.jar:/Users/jpablo/.m2/repository/org/springframework/boot/spring-boot-autoconfigure/2.6.6/spring-boot-autoconfigure-2.6.6.jar:/Users/jpablo/.m2/repository/org/springframework/boot/spring-boot-starter-logging/2.6.6/spring-boot-starter-logging-2.6.6.jar:/Users/jpablo/.m2/repository/ch/qos/logback/logback-classic/1.2.11/logback-classic-1.2.11.jar:/Users/jpablo/.m2/repository/ch/qos/logback/logback-core/1.2.11/logback-core-1.2.11.jar:/Users/jpablo/.m2/repository/org/apache/logging/log4j/log4j-to-slf4j/2.17.2/log4j-to-slf4j-2.17.2.jar:/Users/jpablo/.m2/repository/org/apache/logging/log4j/log4j-api/2.17.2/log4j-api-2.17.2.jar:/Users/jpablo/.m2/repository/org/slf4j/jul-to-slf4j/1.7.36/jul-to-slf4j-1.7.36.jar:/Users/jpablo/.m2/repository/jakarta/annotation/jakarta.annotation-api/1.3.5/jakarta.annotation-api-1.3.5.jar:/Users/jpablo/.m2/repository/org/yaml/snakeyaml/1.29/snakeyaml-1.29.jar:/Users/jpablo/.m2/repository/org/springframework/boot/spring-boot-starter-jdbc/2.6.6/spring-boot-starter-jdbc-2.6.6.jar:/Users/jpablo/.m2/repository/com/zaxxer/HikariCP/4.0.3/HikariCP-4.0.3.jar:/Users/jpablo/.m2/repository/org/springframework/spring-jdbc/5.3.18/spring-jdbc-5.3.18.jar:/Users/jpablo/.m2/repository/org/springframework/batch/spring-batch-core/4.3.5/spring-batch-core-4.3.5.jar:/Users/jpablo/.m2/repository/com/fasterxml/jackson/core/jackson-databind/2.13.2.2/jackson-databind-2.13.2.2.jar:/Users/jpablo/.m2/repository/com/fasterxml/jackson/core/jackson-annotations/2.13.2/jackson-annotations-2.13.2.jar:/Users/jpablo/.m2/repository/io/micrometer/micrometer-core/1.8.4/micrometer-core-1.8.4.jar:/Users/jpablo/.m2/repository/org/hdrhistogram/HdrHistogram/2.1.12/HdrHistogram-2.1.12.jar:/Users/jpablo/.m2/repository/org/latencyutils/LatencyUtils/2.0.3/LatencyUtils-2.0.3.jar:/Users/jpablo/.m2/repository/javax/batch/javax.batch-api/1.0/javax.batch-api-1.0.jar:/Users/jpablo/.m2/repository/org/codehaus/jettison/jettison/1.2/jettison-1.2.jar:/Users/jpablo/.m2/repository/org/springframework/batch/spring-batch-infrastructure/4.3.5/spring-batch-infrastructure-4.3.5.jar:/Users/jpablo/.m2/repository/org/springframework/retry/spring-retry/1.3.2/spring-retry-1.3.2.jar:/Users/jpablo/.m2/repository/org/springframework/spring-aop/5.3.18/spring-aop-5.3.18.jar:/Users/jpablo/.m2/repository/org/springframework/spring-beans/5.3.18/spring-beans-5.3.18.jar:/Users/jpablo/.m2/repository/org/springframework/spring-context/5.3.18/spring-context-5.3.18.jar:/Users/jpablo/.m2/repository/org/springframework/spring-expression/5.3.18/spring-expression-5.3.18.jar:/Users/jpablo/.m2/repository/org/springframework/boot/spring-boot-starter-quartz/2.6.6/spring-boot-starter-quartz-2.6.6.jar:/Users/jpablo/.m2/repository/org/springframework/spring-context-support/5.3.18/spring-context-support-5.3.18.jar:/Users/jpablo/.m2/repository/org/springframework/spring-tx/5.3.18/spring-tx-5.3.18.jar:/Users/jpablo/.m2/repository/org/quartz-scheduler/quartz/2.3.2/quartz-2.3.2.jar:/Users/jpablo/.m2/repository/com/mchange/mchange-commons-java/0.2.15/mchange-commons-java-0.2.15.jar:/Users/jpablo/.m2/repository/org/apache/httpcomponents/httpclient/4.5.13/httpclient-4.5.13.jar:/Users/jpablo/.m2/repository/org/apache/httpcomponents/httpcore/4.4.15/httpcore-4.4.15.jar:/Users/jpablo/.m2/repository/commons-codec/commons-codec/1.15/commons-codec-1.15.jar:/Users/jpablo/.m2/repository/com/google/firebase/firebase-admin/8.1.0/firebase-admin-8.1.0.jar:/Users/jpablo/.m2/repository/com/google/api-client/google-api-client/1.32.1/google-api-client-1.32.1.jar:/Users/jpablo/.m2/repository/com/google/oauth-client/google-oauth-client/1.31.5/google-oauth-client-1.31.5.jar:/Users/jpablo/.m2/repository/com/google/http-client/google-http-client-gson/1.39.2/google-http-client-gson-1.39.2.jar:/Users/jpablo/.m2/repository/com/google/http-client/google-http-client-apache-v2/1.39.2/google-http-client-apache-v2-1.39.2.jar:/Users/jpablo/.m2/repository/com/google/api-client/google-api-client-gson/1.32.1/google-api-client-gson-1.32.1.jar:/Users/jpablo/.m2/repository/com/google/http-client/google-http-client/1.39.2/google-http-client-1.39.2.jar:/Users/jpablo/.m2/repository/com/google/code/findbugs/jsr305/3.0.2/jsr305-3.0.2.jar:/Users/jpablo/.m2/repository/com/google/j2objc/j2objc-annotations/1.3/j2objc-annotations-1.3.jar:/Users/jpablo/.m2/repository/io/opencensus/opencensus-api/0.28.0/opencensus-api-0.28.0.jar:/Users/jpablo/.m2/repository/io/opencensus/opencensus-contrib-http-util/0.28.0/opencensus-contrib-http-util-0.28.0.jar:/Users/jpablo/.m2/repository/com/google/api/api-common/1.10.4/api-common-1.10.4.jar:/Users/jpablo/.m2/repository/javax/annotation/javax.annotation-api/1.3.2/javax.annotation-api-1.3.2.jar:/Users/jpablo/.m2/repository/com/google/auto/value/auto-value-annotations/1.8.1/auto-value-annotations-1.8.1.jar:/Users/jpablo/.m2/repository/com/google/auth/google-auth-library-oauth2-http/0.26.0/google-auth-library-oauth2-http-0.26.0.jar:/Users/jpablo/.m2/repository/com/google/auth/google-auth-library-credentials/0.26.0/google-auth-library-credentials-0.26.0.jar:/Users/jpablo/.m2/repository/com/google/cloud/google-cloud-storage/1.118.0/google-cloud-storage-1.118.0.jar:/Users/jpablo/.m2/repository/com/google/guava/failureaccess/1.0.1/failureaccess-1.0.1.jar:/Users/jpablo/.m2/repository/com/google/guava/listenablefuture/9999.0-empty-to-avoid-conflict-with-guava/listenablefuture-9999.0-empty-to-avoid-conflict-with-guava.jar:/Users/jpablo/.m2/repository/org/checkerframework/checker-compat-qual/2.5.5/checker-compat-qual-2.5.5.jar:/Users/jpablo/.m2/repository/com/google/errorprone/error_prone_annotations/2.7.1/error_prone_annotations-2.7.1.jar:/Users/jpablo/.m2/repository/com/google/http-client/google-http-client-jackson2/1.39.2/google-http-client-jackson2-1.39.2.jar:/Users/jpablo/.m2/repository/com/fasterxml/jackson/core/jackson-core/2.13.2/jackson-core-2.13.2.jar:/Users/jpablo/.m2/repository/com/google/apis/google-api-services-storage/v1-rev20210127-1.32.1/google-api-services-storage-v1-rev20210127-1.32.1.jar:/Users/jpablo/.m2/repository/com/google/code/gson/gson/2.8.9/gson-2.8.9.jar:/Users/jpablo/.m2/repository/com/google/cloud/google-cloud-core/1.95.4/google-cloud-core-1.95.4.jar:/Users/jpablo/.m2/repository/com/google/api/grpc/proto-google-common-protos/2.3.2/proto-google-common-protos-2.3.2.jar:/Users/jpablo/.m2/repository/com/google/cloud/google-cloud-core-http/1.95.4/google-cloud-core-http-1.95.4.jar:/Users/jpablo/.m2/repository/com/google/http-client/google-http-client-appengine/1.39.2/google-http-client-appengine-1.39.2.jar:/Users/jpablo/.m2/repository/com/google/api/gax-httpjson/0.83.0/gax-httpjson-0.83.0.jar:/Users/jpablo/.m2/repository/com/google/api/gax/1.66.0/gax-1.66.0.jar:/Users/jpablo/.m2/repository/io/grpc/grpc-context/1.39.0/grpc-context-1.39.0.jar:/Users/jpablo/.m2/repository/com/google/api/grpc/proto-google-iam-v1/1.0.14/proto-google-iam-v1-1.0.14.jar:/Users/jpablo/.m2/repository/com/google/protobuf/protobuf-java/3.17.3/protobuf-java-3.17.3.jar:/Users/jpablo/.m2/repository/com/google/protobuf/protobuf-java-util/3.17.3/protobuf-java-util-3.17.3.jar:/Users/jpablo/.m2/repository/org/threeten/threetenbp/1.5.1/threetenbp-1.5.1.jar:/Users/jpablo/.m2/repository/com/google/cloud/google-cloud-firestore/2.6.1/google-cloud-firestore-2.6.1.jar:/Users/jpablo/.m2/repository/com/google/cloud/google-cloud-core-grpc/1.95.4/google-cloud-core-grpc-1.95.4.jar:/Users/jpablo/.m2/repository/io/grpc/grpc-core/1.39.0/grpc-core-1.39.0.jar:/Users/jpablo/.m2/repository/com/google/android/annotations/4.1.1.4/annotations-4.1.1.4.jar:/Users/jpablo/.m2/repository/org/codehaus/mojo/animal-sniffer-annotations/1.20/animal-sniffer-annotations-1.20.jar:/Users/jpablo/.m2/repository/io/perfmark/perfmark-api/0.23.0/perfmark-api-0.23.0.jar:/Users/jpablo/.m2/repository/commons-logging/commons-logging/1.2/commons-logging-1.2.jar:/Users/jpablo/.m2/repository/com/google/api/grpc/proto-google-cloud-firestore-v1/2.6.1/proto-google-cloud-firestore-v1-2.6.1.jar:/Users/jpablo/.m2/repository/com/google/cloud/proto-google-cloud-firestore-bundle-v1/2.6.1/proto-google-cloud-firestore-bundle-v1-2.6.1.jar:/Users/jpablo/.m2/repository/io/opencensus/opencensus-contrib-grpc-util/0.28.0/opencensus-contrib-grpc-util-0.28.0.jar:/Users/jpablo/.m2/repository/io/grpc/grpc-protobuf/1.39.0/grpc-protobuf-1.39.0.jar:/Users/jpablo/.m2/repository/io/grpc/grpc-protobuf-lite/1.39.0/grpc-protobuf-lite-1.39.0.jar:/Users/jpablo/.m2/repository/io/grpc/grpc-api/1.39.0/grpc-api-1.39.0.jar:/Users/jpablo/.m2/repository/com/google/api/gax-grpc/1.66.0/gax-grpc-1.66.0.jar:/Users/jpablo/.m2/repository/io/grpc/grpc-auth/1.39.0/grpc-auth-1.39.0.jar:/Users/jpablo/.m2/repository/io/grpc/grpc-netty-shaded/1.39.0/grpc-netty-shaded-1.39.0.jar:/Users/jpablo/.m2/repository/io/grpc/grpc-alts/1.39.0/grpc-alts-1.39.0.jar:/Users/jpablo/.m2/repository/io/grpc/grpc-grpclb/1.39.0/grpc-grpclb-1.39.0.jar:/Users/jpablo/.m2/repository/org/conscrypt/conscrypt-openjdk-uber/2.5.1/conscrypt-openjdk-uber-2.5.1.jar:/Users/jpablo/.m2/repository/io/grpc/grpc-stub/1.39.0/grpc-stub-1.39.0.jar:/Users/jpablo/.m2/repository/com/google/guava/guava/30.1.1-android/guava-30.1.1-android.jar:/Users/jpablo/.m2/repository/org/slf4j/slf4j-api/1.7.36/slf4j-api-1.7.36.jar:/Users/jpablo/.m2/repository/io/netty/netty-codec-http/4.1.75.Final/netty-codec-http-4.1.75.Final.jar:/Users/jpablo/.m2/repository/io/netty/netty-common/4.1.75.Final/netty-common-4.1.75.Final.jar:/Users/jpablo/.m2/repository/io/netty/netty-buffer/4.1.75.Final/netty-buffer-4.1.75.Final.jar:/Users/jpablo/.m2/repository/io/netty/netty-codec/4.1.75.Final/netty-codec-4.1.75.Final.jar:/Users/jpablo/.m2/repository/io/netty/netty-handler/4.1.75.Final/netty-handler-4.1.75.Final.jar:/Users/jpablo/.m2/repository/io/netty/netty-resolver/4.1.75.Final/netty-resolver-4.1.75.Final.jar:/Users/jpablo/.m2/repository/io/netty/netty-transport/4.1.75.Final/netty-transport-4.1.75.Final.jar:/Users/jpablo/.m2/repository/org/springframework/boot/spring-boot-starter-test/2.6.6/spring-boot-starter-test-2.6.6.jar:/Users/jpablo/.m2/repository/org/springframework/boot/spring-boot-test/2.6.6/spring-boot-test-2.6.6.jar:/Users/jpablo/.m2/repository/org/springframework/boot/spring-boot-test-autoconfigure/2.6.6/spring-boot-test-autoconfigure-2.6.6.jar:/Users/jpablo/.m2/repository/com/jayway/jsonpath/json-path/2.6.0/json-path-2.6.0.jar:/Users/jpablo/.m2/repository/net/minidev/json-smart/2.4.8/json-smart-2.4.8.jar:/Users/jpablo/.m2/repository/net/minidev/accessors-smart/2.4.8/accessors-smart-2.4.8.jar:/Users/jpablo/.m2/repository/org/ow2/asm/asm/9.1/asm-9.1.jar:/Users/jpablo/.m2/repository/jakarta/xml/bind/jakarta.xml.bind-api/2.3.3/jakarta.xml.bind-api-2.3.3.jar:/Users/jpablo/.m2/repository/jakarta/activation/jakarta.activation-api/1.2.2/jakarta.activation-api-1.2.2.jar:/Users/jpablo/.m2/repository/org/assertj/assertj-core/3.21.0/assertj-core-3.21.0.jar:/Users/jpablo/.m2/repository/org/hamcrest/hamcrest/2.2/hamcrest-2.2.jar:/Users/jpablo/.m2/repository/org/junit/jupiter/junit-jupiter/5.8.2/junit-jupiter-5.8.2.jar:/Users/jpablo/.m2/repository/org/junit/jupiter/junit-jupiter-api/5.8.2/junit-jupiter-api-5.8.2.jar:/Users/jpablo/.m2/repository/org/opentest4j/opentest4j/1.2.0/opentest4j-1.2.0.jar:/Users/jpablo/.m2/repository/org/junit/platform/junit-platform-commons/1.8.2/junit-platform-commons-1.8.2.jar:/Users/jpablo/.m2/repository/org/apiguardian/apiguardian-api/1.1.2/apiguardian-api-1.1.2.jar:/Users/jpablo/.m2/repository/org/junit/jupiter/junit-jupiter-params/5.8.2/junit-jupiter-params-5.8.2.jar:/Users/jpablo/.m2/repository/org/junit/jupiter/junit-jupiter-engine/5.8.2/junit-jupiter-engine-5.8.2.jar:/Users/jpablo/.m2/repository/org/junit/platform/junit-platform-engine/1.8.2/junit-platform-engine-1.8.2.jar:/Users/jpablo/.m2/repository/org/mockito/mockito-core/4.0.0/mockito-core-4.0.0.jar:/Users/jpablo/.m2/repository/net/bytebuddy/byte-buddy/1.11.22/byte-buddy-1.11.22.jar:/Users/jpablo/.m2/repository/net/bytebuddy/byte-buddy-agent/1.11.22/byte-buddy-agent-1.11.22.jar:/Users/jpablo/.m2/repository/org/objenesis/objenesis/3.2/objenesis-3.2.jar:/Users/jpablo/.m2/repository/org/mockito/mockito-junit-jupiter/4.0.0/mockito-junit-jupiter-4.0.0.jar:/Users/jpablo/.m2/repository/org/skyscreamer/jsonassert/1.5.0/jsonassert-1.5.0.jar:/Users/jpablo/.m2/repository/com/vaadin/external/google/android-json/0.0.20131108.vaadin1/android-json-0.0.20131108.vaadin1.jar:/Users/jpablo/.m2/repository/org/springframework/spring-core/5.3.18/spring-core-5.3.18.jar:/Users/jpablo/.m2/repository/org/springframework/spring-jcl/5.3.18/spring-jcl-5.3.18.jar:/Users/jpablo/.m2/repository/org/springframework/spring-test/5.3.18/spring-test-5.3.18.jar:/Users/jpablo/.m2/repository/org/xmlunit/xmlunit-core/2.8.4/xmlunit-core-2.8.4.jar:/Users/jpablo/.m2/repository/org/projectlombok/lombok/1.18.22/lombok-1.18.22.jar:"/>
    <property name="sun.cpu.endian" value="little"/>
    <property name="user.home" value="/Users/jpablo"/>
    <property name="user.language" value="en"/>
    <property name="java.specification.vendor" value="Oracle Corporation"/>
    <property name="java.version.date" value="2022-02-08"/>
    <property name="java.home" value="/Applications/IntelliJ IDEA CE.app/Contents/jbr/Contents/Home"/>
    <property name="file.separator" value="/"/>
    <property name="basedir" value="/Users/jpablo/Documents/cake-crypto/cake-crypto-batch/batch"/>
    <property name="java.vm.compressedOopsMode" value="Zero based"/>
    <property name="line.separator" value="&#10;"/>
    <property name="java.specification.name" value="Java Platform API Specification"/>
    <property name="java.vm.specification.vendor" value="Oracle Corporation"/>
    <property name="java.awt.graphicsenv" value="sun.awt.CGraphicsEnvironment"/>
    <property name="surefire.real.class.path" value="/Users/jpablo/Documents/cake-crypto/cake-crypto-batch/batch/target/surefire/surefirebooter15036768882341582853.jar"/>
    <property name="sun.management.compiler" value="HotSpot 64-Bit Tiered Compilers"/>
    <property name="ftp.nonProxyHosts" value="local|*.local|169.254/16|*.169.254/16"/>
    <property name="java.runtime.version" value="11.0.14.1+1-b1751.46"/>
    <property name="user.name" value="jpablo"/>
    <property name="path.separator" value=":"/>
    <property name="os.version" value="12.3.1"/>
    <property name="java.runtime.name" value="OpenJDK Runtime Environment"/>
    <property name="file.encoding" value="UTF-8"/>
    <property name="java.vm.name" value="OpenJDK 64-Bit Server VM"/>
    <property name="java.vendor.version" value="JBR-11.0.14.1.1-1751.46-jcef"/>
    <property name="localRepository" value="/Users/jpablo/.m2/repository"/>
    <property name="java.vendor.url.bug" value="https://bugreport.java.com/bugreport/"/>
    <property name="java.io.tmpdir" value="/var/folders/xb/qvk2x22s4676lznmqhtbslzh0000gn/T/"/>
    <property name="idea.version" value="2021.3.3"/>
    <property name="java.version" value="11.0.14.1"/>
    <property name="user.dir" value="/Users/jpablo/Documents/cake-crypto/cake-crypto-batch/batch"/>
    <property name="os.arch" value="aarch64"/>
    <property name="java.vm.specification.name" value="Java Virtual Machine Specification"/>
    <property name="java.awt.printerjob" value="sun.lwawt.macosx.CPrinterJob"/>
    <property name="sun.os.patch.level" value="unknown"/>
    <property name="java.library.path" value="/Users/jpablo/Library/Java/Extensions:/Library/Java/Extensions:/Network/Library/Java/Extensions:/System/Library/Java/Extensions:/usr/lib/java:."/>
    <property name="java.vm.info" value="mixed mode"/>
    <property name="java.vendor" value="JetBrains s.r.o."/>
    <property name="java.vm.version" value="11.0.14.1+1-b1751.46"/>
    <property name="sun.io.unicode.encoding" value="UnicodeBig"/>
    <property name="java.class.version" value="55.0"/>
    <property name="socksNonProxyHosts" value="local|*.local|169.254/16|*.169.254/16"/>
  </properties>
  <testcase name="com.cakecrypto.batch.BatchApplicationTests" classname="com.cakecrypto.batch.BatchApplicationTests" time="0">
    <skipped message="class com.cakecrypto.batch.BatchApplicationTests is @Disabled"/>
  </testcase>
</testsuite>